[00:00:03] [Server thread/INFO]: 0_0 issued server command: //set air
[00:00:15] [Server thread/INFO]: 0_0 issued server command: //set air
[00:00:36] [Server thread/INFO]: 0_0 issued server command: //set stone_bricks
[00:01:27] [Server thread/INFO]: 0_0 issued server command: //set stone_bricks
[00:02:21] [Server thread/INFO]: 0_0 issued server command: //set stone_bricks
[00:04:50] [Server thread/INFO]: 0_0 issued server command: //set stone_bricks
[00:07:09] [Server thread/INFO]: 0_0 issued server command: //set air
[00:14:06] [Server thread/INFO]: 0_0 issued server command: /time set day
[00:14:06] [Server thread/INFO]: [0_0: Set the time to 1000]
[00:14:09] [Server thread/INFO]: 0_0 issued server command: /weather c
[00:14:13] [Server thread/INFO]: 0_0 issued server command: /weather clear
[00:14:13] [Server thread/INFO]: [0_0: Changing to clear weather]
[00:17:19] [Server thread/INFO]: 0_0 issued server command: //set glowstone
[00:17:32] [Server thread/INFO]: 0_0 issued server command: /save
[00:17:33] [Server thread/INFO]: 0_0 issued server command: /stop
[00:17:33] [Server thread/INFO]: [0_0: Stopping the server]
[00:17:33] [Server thread/INFO]: Stopping server
[00:17:33] [Server thread/INFO]: [LoginSecurity] Disabling LoginSecurity v3.2.0
[00:17:33] [Server thread/INFO]: [LoginSecurity] Waiting for queued tasks...
[00:17:33] [Server thread/INFO]: [LoginSecurity] ExecutorService shut down, ready to disable.
[00:17:33] [Server thread/INFO]: [WorldEdit] Disabling WorldEdit v6.1;no_git_id
[00:17:33] [Server thread/INFO]: [SimpleHomes] Disabling SimpleHomes v2.2
[00:17:33] [Server thread/INFO]: [SimpleTpa] Disabling SimpleTpa v6.4
[00:17:33] [Server thread/INFO]: [0;36;1m[21m[SimpleTpa] If you need support contact me at https://discord.gg/SZUkza9[m

[00:17:33] [Server thread/INFO]: [0;36;1m[21m[SimpleTpa] Simple Tpa has been disabled on version 6.4[m

[00:17:33] [Server thread/INFO]: Saving players
[00:17:33] [Server thread/INFO]: 0_0 lost connection: Server closed
[00:17:33] [Server thread/INFO]: 0_0 left the game.
[00:17:33] [Server thread/INFO]: Saving worlds
[00:17:33] [Server thread/INFO]: Saving chunks for level 'world'/Overworld
[00:17:33] [Server thread/INFO]: Saving chunks for level 'world_nether'/Nether
[00:17:33] [Server thread/INFO]: Saving chunks for level 'world_the_end'/The End
