[23:32:38] [main/INFO]: Using mbed TLS based native cipher.
[23:32:38] [main/INFO]: Using zlib based native compressor.
[23:32:38] [main/INFO]: Enabled Waterfall version git:Waterfall-Bootstrap:1.21-R0.1-SNAPSHOT:de8345a:579
[23:32:38] [main/WARN]: Waterfall has reached end of life and is no longer maintained. We recommend you transition to Velocity (https://papermc.io/software/velocity). For more information, see the announcement (https://forums.papermc.io/threads/1088/).
[23:32:38] [main/INFO]: Not on Windows, attempting to use enhanced EpollEventLoop
[23:32:38] [main/INFO]: Epoll is working, utilising it!
[23:32:38] [main/INFO]: Discovered module: ModuleSpec(name=cmd_alert, file=modules/cmd_alert.jar, provider=JenkinsModuleSource())
[23:32:38] [main/INFO]: Discovered module: ModuleSpec(name=cmd_find, file=modules/cmd_find.jar, provider=JenkinsModuleSource())
[23:32:38] [main/INFO]: Discovered module: ModuleSpec(name=cmd_list, file=modules/cmd_list.jar, provider=JenkinsModuleSource())
[23:32:38] [main/INFO]: Discovered module: ModuleSpec(name=cmd_send, file=modules/cmd_send.jar, provider=JenkinsModuleSource())
[23:32:38] [main/INFO]: Discovered module: ModuleSpec(name=cmd_server, file=modules/cmd_server.jar, provider=JenkinsModuleSource())
[23:32:38] [main/INFO]: Discovered module: ModuleSpec(name=reconnect_yaml, file=modules/reconnect_yaml.jar, provider=JenkinsModuleSource())
[23:32:38] [main/INFO]: Attempting to update plugin from null to ModuleVersion(build=579, git=de8345a)
[23:32:38] [main/INFO]: Attempting to Jenkins download module cmd_alert v579
[23:32:39] [main/INFO]: Download complete
[23:32:39] [main/INFO]: Attempting to update plugin from null to ModuleVersion(build=579, git=de8345a)
[23:32:39] [main/INFO]: Attempting to Jenkins download module cmd_find v579
[23:32:39] [main/INFO]: Download complete
[23:32:39] [main/INFO]: Attempting to update plugin from null to ModuleVersion(build=579, git=de8345a)
[23:32:39] [main/INFO]: Attempting to Jenkins download module cmd_list v579
[23:32:39] [main/INFO]: Download complete
[23:32:39] [main/INFO]: Attempting to update plugin from null to ModuleVersion(build=579, git=de8345a)
[23:32:39] [main/INFO]: Attempting to Jenkins download module cmd_send v579
[23:32:39] [main/INFO]: Download complete
[23:32:39] [main/INFO]: Attempting to update plugin from null to ModuleVersion(build=579, git=de8345a)
[23:32:39] [main/INFO]: Attempting to Jenkins download module cmd_server v579
[23:32:39] [main/INFO]: Download complete
[23:32:39] [main/INFO]: Attempting to update plugin from null to ModuleVersion(build=579, git=de8345a)
[23:32:39] [main/INFO]: Attempting to Jenkins download module reconnect_yaml v579
[23:32:39] [main/INFO]: Download complete
[23:32:39] [main/INFO]: Loaded plugin reconnect_yaml version git:reconnect_yaml:1.21-R0.1-SNAPSHOT:de8345a:579 by WaterfallMC
[23:32:39] [main/INFO]: Loaded plugin cmd_find version git:cmd_find:1.21-R0.1-SNAPSHOT:de8345a:579 by WaterfallMC
[23:32:39] [main/INFO]: Loaded plugin cmd_server version git:cmd_server:1.21-R0.1-SNAPSHOT:de8345a:579 by WaterfallMC
[23:32:39] [main/INFO]: Loaded plugin cmd_alert version git:cmd_alert:1.21-R0.1-SNAPSHOT:de8345a:579 by WaterfallMC
[23:32:39] [main/INFO]: Loaded plugin cmd_send version git:cmd_send:1.21-R0.1-SNAPSHOT:de8345a:579 by WaterfallMC
[23:32:39] [main/INFO]: Loaded plugin cmd_list version git:cmd_list:1.21-R0.1-SNAPSHOT:de8345a:579 by WaterfallMC
[23:32:39] [main/WARN]: :>:>:>:>:>:>:>:>:>:>:>:>:>:>:>:>:>:>:>:>:>:>:>
[23:32:39] [main/WARN]: :>  
[23:32:39] [main/WARN]: :>      EAGLERCRAFTXBUNGEE WARNING:
[23:32:39] [main/WARN]: :>  
[23:32:39] [main/WARN]: :>  This plugin wasn't tested to be 'working'
[23:32:39] [main/WARN]: :>  with ANY version of BungeeCord (and forks)
[23:32:39] [main/WARN]: :>  apart from the versions listed below:
[23:32:39] [main/WARN]: :>  
[23:32:39] [main/WARN]: :>  - BungeeCord: 1.21-R0.1-SNAPSHOT:acb85e3:1871
[23:32:39] [main/WARN]: :>  - Waterfall: 1.21-R0.1-SNAPSHOT:de8345a:579
[23:32:39] [main/WARN]: :>  
[23:32:39] [main/WARN]: :>  This is not a Bukkit/Spigot plugin!
[23:32:39] [main/WARN]: :>  
[23:32:39] [main/WARN]: :>  Use "-Deaglerxbungee.stfu=true" to hide
[23:32:39] [main/WARN]: :>  
[23:32:39] [main/WARN]: :>:>:>:>:>:>:>:>:>:>:>:>:>:>:>:>:>:>:>:>:>:>:>
[23:32:39] [main/INFO] [EaglercraftXBungee]: Loading vanilla profile: lax1dude
[23:32:40] [Skin Download Thread #1/INFO] [EaglercraftXBungee]: Loaded vanilla profile: lax1dude
[23:32:40] [main/INFO]: Loaded plugin EaglercraftXBungee version 1.3.1 by lax1dude
[23:32:40] [main/WARN]: Forced host server pvp is not defined
[23:32:40] [main/INFO]: Enabled plugin reconnect_yaml version git:reconnect_yaml:1.21-R0.1-SNAPSHOT:de8345a:579 by WaterfallMC
[23:32:40] [main/INFO]: Enabled plugin cmd_find version git:cmd_find:1.21-R0.1-SNAPSHOT:de8345a:579 by WaterfallMC
[23:32:40] [main/INFO]: Enabled plugin cmd_server version git:cmd_server:1.21-R0.1-SNAPSHOT:de8345a:579 by WaterfallMC
[23:32:40] [main/INFO]: Enabled plugin cmd_alert version git:cmd_alert:1.21-R0.1-SNAPSHOT:de8345a:579 by WaterfallMC
[23:32:40] [main/INFO]: Enabled plugin cmd_send version git:cmd_send:1.21-R0.1-SNAPSHOT:de8345a:579 by WaterfallMC
[23:32:40] [main/INFO]: Enabled plugin cmd_list version git:cmd_list:1.21-R0.1-SNAPSHOT:de8345a:579 by WaterfallMC
[23:32:40] [main/ERROR] [EaglercraftXBungee]: Online mode is set to false! Authentication system has been disabled
[23:32:40] [Netty Boss IO Thread #0/INFO] [EaglercraftXBungee]: Eaglercraft is listening on: /0.0.0.0:8081
[23:32:40] [main/INFO] [EaglercraftXBungee]: Downloading from maven: https://repo1.maven.org/maven2/org/xerial/sqlite-jdbc/3.45.0.0/sqlite-jdbc-3.45.0.0.jar
[23:32:41] [main/INFO] [EaglercraftXBungee]: Connected to database: jdbc:sqlite:eaglercraft_skins_cache.db
[23:32:41] [main/INFO] [EaglercraftXBungee]: Voice chat disabled, add "allow_voice: true" to your listeners to enable
[23:32:41] [main/INFO]: Enabled plugin EaglercraftXBungee version 1.3.1 by lax1dude
[23:32:41] [Netty Boss IO Thread #1/INFO]: Listening on /127.0.0.1:25577
[23:35:57] [Netty Worker IO Thread #3/WARN] [EaglercraftXBungee]: Server icon is not a file: /workspaces/server-test/bungee/server-icon.png
[23:36:00] [Netty Worker IO Thread #0/INFO] [EaglercraftXBungee]: [/[0:0:0:0:0:0:0:1%0]:59064]: Connected via websocket
[23:36:00] [Netty Worker IO Thread #0/INFO] [EaglercraftXBungee]: [/[0:0:0:0:0:0:0:1%0]:59064]: Origin header is https://pw-launcher.zypher.club
[23:36:00] [Netty Worker IO Thread #0/INFO] [EaglercraftXBungee]: [/[0:0:0:0:0:0:0:1%0]:59064]: Logged in as '0_0'
[23:36:00] [Netty Worker IO Thread #0/INFO]: [/[0:0:0:0:0:0:0:1%0]:59064|0_0] -> UpstreamBridge has connected
[23:36:00] [Netty Worker IO Thread #0/WARN]: Error occurred processing connection for 0_0 AnnotatedConnectException : finishConnect(..) failed: Connection refused: localhost/127.0.0.1:25565
[23:36:00] [Netty Worker IO Thread #0/INFO]: [0_0] disconnected with: Could not connect to a default or fallback server. Incorrectly configured address/port/firewall? 
[23:36:00] [Netty Worker IO Thread #0/INFO]: [/[0:0:0:0:0:0:0:1%0]:59064|0_0] -> UpstreamBridge has disconnected
[23:36:05] [Netty Worker IO Thread #1/INFO] [EaglercraftXBungee]: [/[0:0:0:0:0:0:0:1%0]:59080]: Connected via websocket
[23:36:05] [Netty Worker IO Thread #1/INFO] [EaglercraftXBungee]: [/[0:0:0:0:0:0:0:1%0]:59080]: Origin header is https://pw-launcher.zypher.club
[23:36:06] [Netty Worker IO Thread #1/INFO] [EaglercraftXBungee]: [/[0:0:0:0:0:0:0:1%0]:59080]: Logged in as '0_0'
[23:36:06] [Netty Worker IO Thread #1/INFO]: [/[0:0:0:0:0:0:0:1%0]:59080|0_0] -> UpstreamBridge has connected
[23:36:06] [Netty Worker IO Thread #1/WARN]: Error occurred processing connection for 0_0 AnnotatedConnectException : finishConnect(..) failed: Connection refused: localhost/127.0.0.1:25565
[23:36:06] [Netty Worker IO Thread #1/INFO]: [0_0] disconnected with: Could not connect to a default or fallback server. Incorrectly configured address/port/firewall? 
[23:36:06] [Netty Worker IO Thread #1/INFO]: [/[0:0:0:0:0:0:0:1%0]:59080|0_0] -> UpstreamBridge has disconnected
[23:38:25] [main/INFO]: Command not found
[23:38:57] [Netty Worker IO Thread #0/INFO] [EaglercraftXBungee]: [/[0:0:0:0:0:0:0:1%0]:53090]: Connected via websocket
[23:38:57] [Netty Worker IO Thread #0/INFO] [EaglercraftXBungee]: [/[0:0:0:0:0:0:0:1%0]:53090]: Origin header is https://pw-launcher.zypher.club
[23:38:57] [Netty Worker IO Thread #0/INFO] [EaglercraftXBungee]: [/[0:0:0:0:0:0:0:1%0]:53090]: Logged in as '0_0'
[23:38:57] [Netty Worker IO Thread #0/INFO]: [/[0:0:0:0:0:0:0:1%0]:53090|0_0] -> UpstreamBridge has connected
[23:38:57] [Netty Worker IO Thread #0/INFO]: [0_0|/[0:0:0:0:0:0:0:1%0]:53090] <-> ServerConnector [lobby] has connected
[23:46:38] [Netty Worker IO Thread #0/INFO]: [0_0] disconnected with: Proxy lost connection to server.
[23:46:38] [Netty Worker IO Thread #0/INFO]: [/[0:0:0:0:0:0:0:1%0]:53090|0_0] <-> DownstreamBridge <-> [lobby] has disconnected
[23:46:38] [Netty Worker IO Thread #0/INFO]: [/[0:0:0:0:0:0:0:1%0]:53090|0_0] -> UpstreamBridge has disconnected
[23:49:38] [Netty Worker IO Thread #2/INFO] [EaglercraftXBungee]: [/[0:0:0:0:0:0:0:1%0]:55980]: Connected via websocket
[23:49:38] [Netty Worker IO Thread #2/INFO] [EaglercraftXBungee]: [/[0:0:0:0:0:0:0:1%0]:55980]: Origin header is https://pw-launcher.zypher.club
[23:49:38] [Netty Worker IO Thread #2/INFO] [EaglercraftXBungee]: [/[0:0:0:0:0:0:0:1%0]:55980]: Logged in as '0_0'
[23:49:38] [Netty Worker IO Thread #2/INFO]: [/[0:0:0:0:0:0:0:1%0]:55980|0_0] -> UpstreamBridge has connected
[23:49:38] [Netty Worker IO Thread #2/INFO]: [0_0|/[0:0:0:0:0:0:0:1%0]:55980] <-> ServerConnector [lobby] has connected
[23:49:50] [Netty Worker IO Thread #2/INFO]: [/[0:0:0:0:0:0:0:1%0]:55980|0_0] -> UpstreamBridge has disconnected
[23:49:50] [Netty Worker IO Thread #2/INFO]: [0_0] disconnected with: Proxy lost connection to server.
[23:49:50] [Netty Worker IO Thread #2/INFO]: [/[0:0:0:0:0:0:0:1%0]:55980|0_0] <-> DownstreamBridge <-> [lobby] has disconnected
[23:49:53] [Netty Worker IO Thread #3/INFO] [EaglercraftXBungee]: [/[0:0:0:0:0:0:0:1%0]:40178]: Connected via websocket
[23:49:53] [Netty Worker IO Thread #3/INFO] [EaglercraftXBungee]: [/[0:0:0:0:0:0:0:1%0]:40178]: Origin header is https://pw-launcher.zypher.club
[23:49:53] [Netty Worker IO Thread #3/INFO] [EaglercraftXBungee]: [/[0:0:0:0:0:0:0:1%0]:40178]: Logged in as '0_0'
[23:49:53] [Netty Worker IO Thread #3/INFO]: [/[0:0:0:0:0:0:0:1%0]:40178|0_0] -> UpstreamBridge has connected
[23:49:53] [Netty Worker IO Thread #3/INFO]: [0_0|/[0:0:0:0:0:0:0:1%0]:40178] <-> ServerConnector [lobby] has connected
[23:50:05] [Netty Worker IO Thread #3/INFO]: [/[0:0:0:0:0:0:0:1%0]:40178|0_0] -> UpstreamBridge has disconnected
[23:50:05] [Netty Worker IO Thread #3/INFO]: [0_0] disconnected with: Proxy lost connection to server.
[23:50:05] [Netty Worker IO Thread #3/INFO]: [/[0:0:0:0:0:0:0:1%0]:40178|0_0] <-> DownstreamBridge <-> [lobby] has disconnected
